This is pdfTeX, Version 3.1415926-2.5-1.40.14 (TeX Live 2013/Debian) (format=latex 2015.10.9)  17 DEC 2015 14:55
entering extended mode
 restricted \write18 enabled.
 %&-line parsing enabled.
**pstricks-ejemplos.tex
(./pstricks-ejemplos.tex
LaTeX2e <2011/06/27>
Babel <3.9h> and hyphenation patterns for 78 languages loaded.
(/usr/share/texlive/texmf-dist/tex/latex/base/article.cls
Document Class: article 2007/10/19 v1.4h Standard LaTeX document class
(/usr/share/texlive/texmf-dist/tex/latex/base/size10.clo
File: size10.clo 2007/10/19 v1.4h Standard LaTeX file (size option)
)
\c@part=\count79
\c@section=\count80
\c@subsection=\count81
\c@subsubsection=\count82
\c@paragraph=\count83
\c@subparagraph=\count84
\c@figure=\count85
\c@table=\count86
\abovecaptionskip=\skip41
\belowcaptionskip=\skip42
\bibindent=\dimen102
)
(/usr/share/texlive/texmf-dist/tex/latex/pstricks/pst-all.sty
Package: pst-all 2008/01/01 the main pstricks tools

(/usr/share/texlive/texmf-dist/tex/latex/pstricks/pstricks.sty
Package: pstricks 2013/12/12 v0.60 LaTeX wrapper for `PSTricks' (RN,HV)

(/usr/share/texlive/texmf-dist/tex/generic/oberdiek/ifpdf.sty
Package: ifpdf 2011/01/30 v2.3 Provides the ifpdf switch (HO)
Package ifpdf Info: pdfTeX in PDF mode is not detected.
)
(/usr/share/texlive/texmf-dist/tex/generic/pstricks/pstricks.tex
(/usr/share/texlive/texmf-dist/tex/generic/xkeyval/pst-xkey.tex
File: pst-xkey.tex 2005/11/25 v1.6 PSTricks specialization of xkeyval (HA)

(/usr/share/texlive/texmf-dist/tex/latex/xkeyval/xkeyval.sty
Package: xkeyval 2012/10/14 v2.6b package option processing (HA)

(/usr/share/texlive/texmf-dist/tex/generic/xkeyval/xkeyval.tex
\XKV@toks=\toks14
\XKV@tempa@toks=\toks15
\XKV@depth=\count87
File: xkeyval.tex 2012/10/14 v2.6b key=value parser (HA)

(/usr/share/texlive/texmf-dist/tex/generic/xkeyval/keyval.tex))))
(/usr/share/texlive/texmf-dist/tex/generic/pstricks/pst-fp.tex
`pst-fp' v0.05, 2010/01/17 (hv)
\pstFP@xs=\count88
\pstFP@xia=\count89
\pstFP@xib=\count90
\pstFP@xfa=\count91
\pstFP@xfb=\count92
\pstFP@rega=\count93
\pstFP@regb=\count94
\pstFP@regs=\count95
\pstFP@times=\count96
)
(/usr/share/texmf/tex/generic/pgf/utilities/pgfutil-common.tex
\pgfutil@everybye=\toks16
)
(/usr/share/texmf/tex/generic/pgf/utilities/pgfkeys.code.tex
\pgfkeys@pathtoks=\toks17
\pgfkeys@temptoks=\toks18

(/usr/share/texmf/tex/generic/pgf/utilities/pgfkeysfiltered.code.tex
\pgfkeys@tmptoks=\toks19
))
(/usr/share/texmf/tex/generic/pgf/utilities/pgffor.code.tex
\pgffor@iter=\dimen103
\pgffor@skip=\dimen104
\pgffor@stack=\toks20
\pgffor@toks=\toks21
)
\psLoopIndex=\count97

`PSTricks' v2.51  <2014/02/03> (tvz)
\pst@dima=\dimen105
\pst@dimb=\dimen106
\pst@dimc=\dimen107
\pst@dimd=\dimen108
\pst@dimg=\dimen109
\pst@dimh=\dimen110
\pst@dimm=\dimen111
\pst@dimn=\dimen112
\pst@dimo=\dimen113
\pst@dimp=\dimen114
\pst@hbox=\box26
\pst@ibox=\box27
\pst@boxg=\box28
\pst@cnta=\count98
\pst@cntb=\count99
\pst@cntc=\count100
\pst@cntd=\count101
\pst@cntg=\count102
\pst@cnth=\count103
\pst@cntm=\count104
\pst@cntn=\count105
\pst@cnto=\count106
\pst@cntp=\count107
\@zero=\count108
\pst@toks=\toks22
(/usr/share/texlive/texmf-dist/tex/generic/pstricks/pstricks.con)
\psunit=\dimen115
\psxunit=\dimen116
\psyunit=\dimen117
\pst@C@@rType=\count109
\pslinewidth=\dimen118
\psk@startLW=\dimen119
\psk@endLW=\dimen120
\pst@customdefs=\toks23
\pslinearc=\dimen121
\pst@symbolStep=\dimen122
\pst@symbolWidth=\dimen123
\pst@symbolLinewidth=\dimen124
\everypsbox=\toks24
\psframesep=\dimen125
\pslabelsep=\dimen126
\sh@wgridXunit=\dimen127
\sh@wgridYunit=\dimen128
\pst@shift=\dimen129
)
File: pstricks.tex 2014/02/03 v2.51 `PSTricks' (tvz,hv)

(/usr/share/texlive/texmf-dist/tex/generic/pstricks/pst-fp.tex)
File: pst-fp.tex 2014/02/03 v2.51 `PST-fp' (hv)

(/usr/share/texmf/tex/latex/xcolor/xcolor.sty
Package: xcolor 2007/01/21 v2.11 LaTeX color extensions (UK)

(/usr/share/texlive/texmf-dist/tex/latex/latexconfig/color.cfg
File: color.cfg 2007/01/18 v1.5 color configuration of teTeX/TeXLive
)
Package xcolor Info: Driver file: dvips.def on input line 225.

(/usr/share/texlive/texmf-dist/tex/latex/graphics/dvips.def
File: dvips.def 1999/02/16 v3.0i Driver-dependant file (DPC,SPQR)
)
Package xcolor Info: Model `cmy' substituted by `cmy0' on input line 1337.
Package xcolor Info: Model `RGB' extended on input line 1353.
Package xcolor Info: Model `HTML' substituted by `rgb' on input line 1355.
Package xcolor Info: Model `Hsb' substituted by `hsb' on input line 1356.
Package xcolor Info: Model `tHsb' substituted by `hsb' on input line 1357.
Package xcolor Info: Model `HSB' substituted by `hsb' on input line 1358.
Package xcolor Info: Model `Gray' substituted by `gray' on input line 1359.
Package xcolor Info: Model `wave' substituted by `hsb' on input line 1360.
))
(/usr/share/texlive/texmf-dist/tex/latex/pst-plot/pst-plot.sty
Package: pst-plot 2011/06/05 v1.00 LaTeX wrapper for `pst-plot' (HV)

(/usr/share/texlive/texmf-dist/tex/latex/xkeyval/pst-xkey.sty
Package: pst-xkey 2005/11/25 v1.6 package wrapper for pst-xkey.tex (HA)
)
(/usr/share/texlive/texmf-dist/tex/latex/multido/multido.sty
Package: multido 2004/05/17 package wrapper for PSTricks `multido.tex', (HV/RN)


(/usr/share/texlive/texmf-dist/tex/generic/multido/multido.tex
 v1.42, 2010/05/14 <tvz>
\multido@count=\count110
\multidocount=\count111
\multido@stuff=\toks25
)
File: multido.tex 2010/05/14 v1.42 `multido' (tvz,hv)
)
Package: pst-plot 2011/04/13 package wrapper for pst-plot.tex (hv)

(/usr/share/texlive/texmf-dist/tex/generic/pst-plot/pst-plot.tex
 v1.58, 2014/01/16 (tvz,hv)
\pstRadUnit=\dimen130
\pstRadUnitInv=\dimen131
\pst@linecnt=\count112
\RCD@file=\read1
\psxlabelsep=\dimen132
\psylabelsep=\dimen133
\psk@subticksize=\dimen134
\pst@xticksizeA=\dimen135
\pst@xticksizeB=\dimen136
\pst@xticksizeC=\dimen137
\pst@yticksizeA=\dimen138
\pst@yticksizeB=\dimen139
\pst@yticksizeC=\dimen140
\@digitcounter=\count113
\psk@llx=\dimen141
\psk@lly=\dimen142
\psk@urx=\dimen143
\psk@ury=\dimen144
\pst@xunit=\dimen145
\pst@yunit=\dimen146
)
File: pst-plot.tex 2014/01/16 1.58 `pst-plot' (tvz,hv)
)
(/usr/share/texlive/texmf-dist/tex/latex/pst-node/pst-node.sty
Package: pst-node 2012/09/18 v1.01 LaTeX wrapper for `pst-node' (HV)
Package: pst-node 2010/04/22 package wrapper for pst-node.tex

(/usr/share/texlive/texmf-dist/tex/generic/pst-node/pst-node.tex
 v1.32, 2014/02/03
\psrow=\count114
\pscol=\count115
\psmatrixcnt=\count116
\psrowsep=\skip43
\pscolsep=\skip44
\pst@args=\count117
\num@pts=\count118
\pst@argcnt=\count119
)
File: pst-node.tex 2014/02/03 1.32 `pst-node' (tvz,hv)
)
(/usr/share/texlive/texmf-dist/tex/latex/pst-tree/pst-tree.sty
Package: pst-tree 2009/01/25 package wrapper for pst-tree.tex

(/usr/share/texlive/texmf-dist/tex/generic/pst-tree/pst-tree.tex
 v1.12, 2011/02/28(tvz,dg,hv)
\pstree@rootbox=\box29
\pstree@box=\box30
\psnodecnt=\count120
\pstreelevel=\count121
\pstreecnt=\count122
\pstree@cnt=\count123
\pstree@stop=\count124
)
File: pst-tree.tex 2011/02/28 1.12 `pst-tree' (tvz,hv)
)
(/usr/share/texlive/texmf-dist/tex/latex/pst-grad/pst-grad.sty
Package: pst-grad 2004/07/15 package wrapper for pst-grad.tex (hv)

(/usr/share/texlive/texmf-dist/tex/generic/pst-grad/pst-grad.tex
`pst-grad' v1.06, 2006/11/27 (tvz,dg,hv))
File: pst-grad.tex 2006/11/27 1.06 `pst-grad' (tvz)
)
(/usr/share/texlive/texmf-dist/tex/latex/pst-coil/pst-coil.sty
Package: pst-coil 2010/02/01 package wrapper for pst-coil.tex (hv)

(/usr/share/texlive/texmf-dist/tex/generic/pst-coil/pst-coil.tex
 v1.06, 2006/11/27
(/usr/share/texlive/texmf-dist/tex/generic/pst-node/pst-node.tex))
File: pst-coil.tex 2011/09/17 v1.06 `PST-coil' (tvz,hv)
)
(/usr/share/texlive/texmf-dist/tex/latex/pst-text/pst-text.sty
Package: pst-text 2006/01/01 package wrapper for pst-text.tex (hv)

(/usr/share/texlive/texmf-dist/tex/generic/pst-text/pst-text.tex
 v1.00, 2006/11/05(tvz,hv))
File: pst-text.tex 2006/11/05 1.00 `pst-text' (tvz)
)
(/usr/share/texlive/texmf-dist/tex/latex/pst-3d/pst-3d.sty
Package: pst-3d 2009/07/28 package wrapper for pst-3d.tex (hv)

(/usr/share/texlive/texmf-dist/tex/generic/pst-3d/pst-3d.tex
`PST-3d' v1.11, 2010/02/14 (tvz))
File: pst-3d.tex 2010/02/14 v1.11 `PST-3d' (hv)
)
(/usr/share/texlive/texmf-dist/tex/latex/pst-eps/pst-eps.sty
Package: pst-eps 2005/05/20 package wrapper for pst-eps.tex (hv)

(/usr/share/texlive/texmf-dist/tex/generic/pst-eps/pst-eps.tex
 v1.00, 2006/11/04
\pst@epsout=\write3
\pst@tempout=\write4
)
File: pst-eps.tex 2006/11/04 1.00 `pst-eps' (tvz)
)
(/usr/share/texlive/texmf-dist/tex/latex/pst-fill/pst-fill.sty
Package: pst-fill 2005/09/13 package wrapper for pst-fill.tex (hv)

(/usr/share/texlive/texmf-dist/tex/generic/pst-fill/pst-fill.tex
`PST-Fill' v1.01, 2007/03/10 (tvz,dg,hv)
\pst@fillbox=\box31
)
File: pst-fill.tex 2007/03/10 v1.01 `PST-fill' (tvz,dg)
)
(/usr/share/texlive/texmf-dist/tex/latex/pstricks-add/pstricks-add.sty
(/usr/share/texlive/texmf-dist/tex/latex/pst-math/pst-math.sty
Package: pst-math 2009/01/20 package wrapper for PSTricks pst-math.tex

(/usr/share/texlive/texmf-dist/tex/generic/pst-math/pst-math.tex
`pst-math' v0.62 , (CJ,hv))
File: pst-math.tex 2010/10/20 v0.62 `PST-math' (hv)
)
Package: pstricks-add 2010/02/11 v. 0.14 package wrapper for pstricks-add.tex (
hv)

(/usr/share/texlive/texmf-dist/tex/generic/pstricks-add/pstricks-add.tex
`pstricks-add' v3.65, 2014/01/21 (dr,hv)
\psparallelogramsep=\dimen147
\pshooklength=\dimen148
\pshookwidth=\dimen149
\pst@cntC=\count125
\chart@ColorIndex=\dimen150
\chart@ColorStep=\dimen151
\pst@chartHeight=\dimen152
\pst@chartStackDepth=\dimen153
\pst@chartStackWidth=\dimen154
\chart@Toggle=\count126
\psVectorCtr=\count127
)
File: pstricks-add.tex 2014/01/21 v3.65 `PSTricks-add' (hv)
Package pstricks-add Info: Local config file pstricks-add.cfg used on input lin
e 20.

(/usr/share/texlive/texmf-dist/tex/latex/pstricks-add/pstricks-add.cfg
File: pstricks-add.cfg 2005/01/10 v0.1 addtional user stuff (hv)
)))
(/usr/share/texlive/texmf-dist/tex/latex/pstricks/pstcol.sty
Package: pstcol 2007/04/11 v1.3 LaTeX wrapper for `PSTricks' (RN,HV)


Package pstcol Warning: ************************************ 
(pstcol)                The package `pstcol' is obsolet! 
(pstcol)                You should use `pstricks' directly: 
(pstcol)                    \usepackage{pstricks}
(pstcol)                ************************************.

) (./pstricks-ejemplos.aux)
\openout1 = `pstricks-ejemplos.aux'.

LaTeX Font Info:    Checking defaults for OML/cmm/m/it on input line 9.
LaTeX Font Info:    ... okay on input line 9.
LaTeX Font Info:    Checking defaults for T1/cmr/m/n on input line 9.
LaTeX Font Info:    ... okay on input line 9.
LaTeX Font Info:    Checking defaults for OT1/cmr/m/n on input line 9.
LaTeX Font Info:    ... okay on input line 9.
LaTeX Font Info:    Checking defaults for OMS/cmsy/m/n on input line 9.
LaTeX Font Info:    ... okay on input line 9.
LaTeX Font Info:    Checking defaults for OMX/cmex/m/n on input line 9.
LaTeX Font Info:    ... okay on input line 9.
LaTeX Font Info:    Checking defaults for U/cmr/m/n on input line 9.
LaTeX Font Info:    ... okay on input line 9.
LaTeX Font Info:    External font `cmex10' loaded for size
(Font)              <12> on input line 14.
LaTeX Font Info:    External font `cmex10' loaded for size
(Font)              <8> on input line 14.
LaTeX Font Info:    External font `cmex10' loaded for size
(Font)              <6> on input line 14.
LaTeX Font Info:    Try loading font information for OMS+cmtt on input line 28.

LaTeX Font Info:    No file OMScmtt.fd. on input line 28.


LaTeX Font Warning: Font shape `OMS/cmtt/m/n' undefined
(Font)              using `OMS/cmsy/m/n' instead
(Font)              for symbol `textbackslash' on input line 28.

LaTeX Font Info:    External font `cmex10' loaded for size
(Font)              <7> on input line 28.
LaTeX Font Info:    External font `cmex10' loaded for size
(Font)              <5> on input line 28.
[1

] [2] [3] (./pstricks-ejemplos.aux)

LaTeX Font Warning: Some font shapes were not available, defaults substituted.

 ) 
Here is how much of TeX's memory you used:
 5275 strings out of 493305
 85333 string characters out of 6139897
 221309 words of memory out of 5000000
 8653 multiletter control sequences out of 15000+600000
 6544 words of font info for 24 fonts, out of 8000000 for 9000
 957 hyphenation exceptions out of 8191
 44i,5n,54p,597b,319s stack positions out of 5000i,500n,10000p,200000b,80000s

Output written on pstricks-ejemplos.dvi (3 pages, 24056 bytes).
